<?xml version="1.0" encoding="UTF-8"?>
<!-- Generated by org.testng.reporters.JUnitReportReporter -->
<testsuite hostname="Rishis-MacBook-Pro.local" failures="0" tests="4" name="com.apex.samples1.DataProviderLogin" time="59.381" errors="0" timestamp="2022-05-27T02:43:02 PDT" skipped="0">
  <testcase classname="com.apex.samples1.DataProviderLogin" name="loginTest" time="12.452"/>
  <system-out/>
  <testcase classname="com.apex.samples1.DataProviderLogin" name="loginTest" time="18.220"/>
  <system-out/>
  <testcase classname="com.apex.samples1.DataProviderLogin" name="loginTest" time="16.177"/>
  <system-out/>
  <testcase classname="com.apex.samples1.DataProviderLogin" name="loginTest" time="12.532"/>
  <system-out/>
</testsuite> <!-- com.apex.samples1.DataProviderLogin -->
