<?xml version="1.0" encoding="UTF-8"?>
<!-- Generated by org.testng.reporters.JUnitReportReporter -->
<testsuite hostname="Rishis-MacBook-Pro.local" failures="0" tests="1" name="com.apex.samples1.RegistrationTestDemoBlaze" time="15.864" errors="0" timestamp="2022-05-25T11:37:06 PDT" skipped="0">
  <testcase classname="com.apex.samples1.RegistrationTestDemoBlaze" name="testRegistrationWithSuccessfulData" time="15.864"/>
  <system-out/>
</testsuite> <!-- com.apex.samples1.RegistrationTestDemoBlaze -->
