<?xml version="1.0" encoding="UTF-8"?>
<!-- Generated by org.testng.reporters.JUnitReportReporter -->
<testsuite hostname="Rishis-MacBook-Pro.local" failures="0" tests="5" name="com.apex.samples1.LoginTestSauceDemo" time="90.368" errors="0" timestamp="2022-05-25T11:32:52 PDT" skipped="0">
  <testcase classname="com.apex.samples1.LoginTestSauceDemo" name="testLoginWithSuccessfulData" time="27.229"/>
  <system-out/>
  <testcase classname="com.apex.samples1.LoginTestSauceDemo" name="testLoginWithBlankData" time="11.611"/>
  <system-out/>
  <testcase classname="com.apex.samples1.LoginTestSauceDemo" name="testLoginWithLockedOutUser" time="15.385"/>
  <system-out/>
  <testcase classname="com.apex.samples1.LoginTestSauceDemo" name="testLoginWithProblemUser" time="15.635"/>
  <system-out/>
  <testcase classname="com.apex.samples1.LoginTestSauceDemo" name="testLoginWithPerformanceGlitchUser" time="20.508"/>
  <system-out/>
</testsuite> <!-- com.apex.samples1.LoginTestSauceDemo -->
