<?xml version="1.0" encoding="UTF-8"?>
<!-- Generated by org.testng.reporters.JUnitReportReporter -->
<testsuite hostname="Rishis-MacBook-Pro.local" failures="0" tests="1" name="com.apex.samples1.OrderTestSauceDemo" time="35.675" errors="0" timestamp="2022-05-25T11:34:02 PDT" skipped="0">
  <testcase classname="com.apex.samples1.OrderTestSauceDemo" name="testBagpackOrder" time="35.675"/>
  <system-out/>
</testsuite> <!-- com.apex.samples1.OrderTestSauceDemo -->
